<?xml version="1.0" encoding="UTF-8"?>
<!-- Generated by org.testng.reporters.JUnitXMLReporter -->
<testsuite hostname="sujith" name="Test" tests="20" failures="2" timestamp="22 Dec 2020 08:11:52 GMT" time="28.907" errors="0">
  <testcase name="openpplicatpion" time="0.03" classname="testNg.Ecommerce"/>
  <testcase name="product" time="0.002" classname="testNg.Ecommerce"/>
  <testcase name="buynow" time="0.003" classname="testNg.Ecommerce"/>
  <testcase name="addresseclection" time="0.001" classname="testNg.Ecommerce"/>
  <testcase name="proceedpayment" time="0.0" classname="testNg.Ecommerce"/>
  <testcase name="amazon" time="9.89" classname="testNg.Paralell"/>
  <testcase name="google" time="13.809" classname="testNg.Paralell">
    <failure type="org.openqa.selenium.WebDriverException" message="unknown error: net::ERR_NAME_NOT_RESOLVED
  (Session info: chrome=87.0.4280.88)
Build info: version: &amp;apos;3.141.59&amp;apos;, revision: &amp;apos;e82be7d358&amp;apos;, time: &amp;apos;2018-11-14T08:25:53&amp;apos;
System info: host: &amp;apos;SUJITH&amp;apos;, ip: &amp;apos;192.168.42.176&amp;apos;, os.name: &amp;apos;Windows 8&amp;apos;, os.arch: &amp;apos;x86&amp;apos;, os.version: &amp;apos;6.2&amp;apos;, java.version: &amp;apos;1.8.0_211&amp;apos;
Driver info: org.openqa.selenium.chrome.ChromeDriver
Capabilities {acceptInsecureCerts: false, browserName: chrome, browserVersion: 87.0.4280.88, chrome: {chromedriverVersion: 87.0.4280.20 (c99e81631faa0..., userDataDir: C:\Users\SUJITH~1\AppData\L...}, goog:chromeOptions: {debuggerAddress: localhost:49591}, javascriptEnabled: true, networkConnectionEnabled: false, pageLoadStrategy: normal, platform: WINDOWS, platformName: WINDOWS, proxy: Proxy(), setWindowRect: true, strictFileInteractability: false, timeouts: {implicit: 0, pageLoad: 300000, script: 30000}, unhandledPromptBehavior: dismiss and notify, webauthn:virtualAuthenticators: true}
Session ID: 1e432b74cb4bb55653669503588680ec">
      <![CDATA[org.openqa.selenium.WebDriverException: unknown error: net::ERR_NAME_NOT_RESOLVED
  (Session info: chrome=87.0.4280.88)
Build info: version: '3.141.59', revision: 'e82be7d358', time: '2018-11-14T08:25:53'
System info: host: 'SUJITH', ip: '192.168.42.176', os.name: 'Windows 8', os.arch: 'x86', os.version: '6.2', java.version: '1.8.0_211'
Driver info: org.openqa.selenium.chrome.ChromeDriver
Capabilities {acceptInsecureCerts: false, browserName: chrome, browserVersion: 87.0.4280.88, chrome: {chromedriverVersion: 87.0.4280.20 (c99e81631faa0..., userDataDir: C:\Users\SUJITH~1\AppData\L...}, goog:chromeOptions: {debuggerAddress: localhost:49591}, javascriptEnabled: true, networkConnectionEnabled: false, pageLoadStrategy: normal, platform: WINDOWS, platformName: WINDOWS, proxy: Proxy(), setWindowRect: true, strictFileInteractability: false, timeouts: {implicit: 0, pageLoad: 300000, script: 30000}, unhandledPromptBehavior: dismiss and notify, webauthn:virtualAuthenticators: true}
Session ID: 1e432b74cb4bb55653669503588680ec
	at org.openqa.selenium.remote.http.W3CHttpResponseCodec.createException(W3CHttpResponseCodec.java:187)
	at org.openqa.selenium.remote.http.W3CHttpResponseCodec.decode(W3CHttpResponseCodec.java:122)
	at org.openqa.selenium.remote.http.W3CHttpResponseCodec.decode(W3CHttpResponseCodec.java:49)
	at org.openqa.selenium.remote.HttpCommandExecutor.execute(HttpCommandExecutor.java:158)
	at org.openqa.selenium.remote.service.DriverCommandExecutor.execute(DriverCommandExecutor.java:83)
	at org.openqa.selenium.remote.RemoteWebDriver.execute(RemoteWebDriver.java:552)
	at org.openqa.selenium.remote.RemoteWebDriver.get(RemoteWebDriver.java:277)
	at testNg.Paralell.google(Paralell.java:13)
... Removed 29 stack frames]]>
    </failure>
  </testcase> <!-- google -->
  <testcase name="isthatequal" time="0.041" classname="testNg.Assetion">
    <failure type="java.lang.AssertionError" message="expected [Sujith] but found [sujith]">
      <![CDATA[java.lang.AssertionError: expected [Sujith] but found [sujith]
	at testNg.Assetion.isthatequal(Assetion.java:12)
... Removed 31 stack frames]]>
    </failure>
  </testcase> <!-- isthatequal -->
  <testcase name="apple" time="0.002" classname="testNg.Groping"/>
  <testcase name="moto" time="0.002" classname="testNg.Groping"/>
  <testcase name="oneplus" time="0.002" classname="testNg.Groping"/>
  <testcase name="redmi" time="0.002" classname="testNg.Groping"/>
  <testcase name="vivo" time="0.001" classname="testNg.Groping"/>
  <testcase name="first" time="0.001" classname="testNg.Sampletestng"/>
  <testcase name="last" time="0.001" classname="testNg.Sampletestng"/>
  <testcase name="secound" time="0.001" classname="testNg.Sampletestng"/>
  <testcase name="third" time="0.001" classname="testNg.Sampletestng"/>
  <testcase name="opentestleaf" time="4.198" classname="testNg.Testleaf"/>
  <testcase name="openbutton" time="0.609" classname="testNg.Testleaf"/>
  <testcase name="defaulttextentered" time="0.075" classname="testNg.Testleaf"/>
</testsuite> <!-- Test -->
