<html>
<head>
<title>TestNG:  Test</title>
<link href="../testng.css" rel="stylesheet" type="text/css" />
<link href="../my-testng.css" rel="stylesheet" type="text/css" />

<style type="text/css">
.log { display: none;} 
.stack-trace { display: none;} 
</style>
<script type="text/javascript">
<!--
function flip(e) {
  current = e.style.display;
  if (current == 'block') {
    e.style.display = 'none';
    return 0;
  }
  else {
    e.style.display = 'block';
    return 1;
  }
}

function toggleBox(szDivId, elem, msg1, msg2)
{
  var res = -1;  if (document.getElementById) {
    res = flip(document.getElementById(szDivId));
  }
  else if (document.all) {
    // this is the way old msie versions work
    res = flip(document.all[szDivId]);
  }
  if(elem) {
    if(res == 0) elem.innerHTML = msg1; else elem.innerHTML = msg2;
  }

}

function toggleAllBoxes() {
  if (document.getElementsByTagName) {
    d = document.getElementsByTagName('div');
    for (i = 0; i < d.length; i++) {
      if (d[i].className == 'log') {
        flip(d[i]);
      }
    }
  }
}

// -->
</script>

</head>
<body>
<h2 align='center'>Test</h2><table border='1' align="center">
<tr>
<td>Tests passed/Failed/Skipped:</td><td>18/2/0</td>
</tr><tr>
<td>Started on:</td><td>Tue Dec 22 00:11:23 PST 2020</td>
</tr>
<tr><td>Total time:</td><td>28 seconds (28907 ms)</td>
</tr><tr>
<td>Included groups:</td><td></td>
</tr><tr>
<td>Excluded groups:</td><td></td>
</tr>
</table><p/>
<small><i>(Hover the method name to see the test class name)</i></small><p/>
<table width='100%' border='1' class='invocation-failed'>
<tr><td colspan='4' align='center'><b>FAILED TESTS</b></td></tr>
<tr><td><b>Test method</b></td>
<td width="30%"><b>Exception</b></td>
<td width="10%"><b>Time (seconds)</b></td>
<td><b>Instance</b></td>
</tr>
<tr>
<td title='testNg.Paralell.google()'><b>google</b><br>Test class: testNg.Paralell</td>
<td><div><pre>org.openqa.selenium.WebDriverException: unknown error: net::ERR_NAME_NOT_RESOLVED
  (Session info: chrome=87.0.4280.88)
Build info: version: &apos;3.141.59&apos;, revision: &apos;e82be7d358&apos;, time: &apos;2018-11-14T08:25:53&apos;
System info: host: &apos;SUJITH&apos;, ip: &apos;192.168.42.176&apos;, os.name: &apos;Windows 8&apos;, os.arch: &apos;x86&apos;, os.version: &apos;6.2&apos;, java.version: &apos;1.8.0_211&apos;
Driver info: org.openqa.selenium.chrome.ChromeDriver
Capabilities {acceptInsecureCerts: false, browserName: chrome, browserVersion: 87.0.4280.88, chrome: {chromedriverVersion: 87.0.4280.20 (c99e81631faa0..., userDataDir: C:\Users\SUJITH~1\AppData\L...}, goog:chromeOptions: {debuggerAddress: localhost:49591}, javascriptEnabled: true, networkConnectionEnabled: false, pageLoadStrategy: normal, platform: WINDOWS, platformName: WINDOWS, proxy: Proxy(), setWindowRect: true, strictFileInteractability: false, timeouts: {implicit: 0, pageLoad: 300000, script: 30000}, unhandledPromptBehavior: dismiss and notify, webauthn:virtualAuthenticators: true}
Session ID: 1e432b74cb4bb55653669503588680ec
	at org.openqa.selenium.remote.http.W3CHttpResponseCodec.createException(W3CHttpResponseCodec.java:187)
	at org.openqa.selenium.remote.http.W3CHttpResponseCodec.decode(W3CHttpResponseCodec.java:122)
	at org.openqa.selenium.remote.http.W3CHttpResponseCodec.decode(W3CHttpResponseCodec.java:49)
	at org.openqa.selenium.remote.HttpCommandExecutor.execute(HttpCommandExecutor.java:158)
	at org.openqa.selenium.remote.service.DriverCommandExecutor.execute(DriverCommandExecutor.java:83)
	at org.openqa.selenium.remote.RemoteWebDriver.execute(RemoteWebDriver.java:552)
	at org.openqa.selenium.remote.RemoteWebDriver.get(RemoteWebDriver.java:277)
	at testNg.Paralell.google(Paralell.java:13)
... Removed 29 stack frames</pre></div><a href='#' onClick='toggleBox("stack-trace21531414", this, "Click to show all stack frames", "Click to hide stack frames")'>Click to show all stack frames</a>
<div class='stack-trace' id='stack-trace21531414'><pre>org.openqa.selenium.WebDriverException: unknown error: net::ERR_NAME_NOT_RESOLVED
  (Session info: chrome=87.0.4280.88)
Build info: version: &apos;3.141.59&apos;, revision: &apos;e82be7d358&apos;, time: &apos;2018-11-14T08:25:53&apos;
System info: host: &apos;SUJITH&apos;, ip: &apos;192.168.42.176&apos;, os.name: &apos;Windows 8&apos;, os.arch: &apos;x86&apos;, os.version: &apos;6.2&apos;, java.version: &apos;1.8.0_211&apos;
Driver info: org.openqa.selenium.chrome.ChromeDriver
Capabilities {acceptInsecureCerts: false, browserName: chrome, browserVersion: 87.0.4280.88, chrome: {chromedriverVersion: 87.0.4280.20 (c99e81631faa0..., userDataDir: C:\Users\SUJITH~1\AppData\L...}, goog:chromeOptions: {debuggerAddress: localhost:49591}, javascriptEnabled: true, networkConnectionEnabled: false, pageLoadStrategy: normal, platform: WINDOWS, platformName: WINDOWS, proxy: Proxy(), setWindowRect: true, strictFileInteractability: false, timeouts: {implicit: 0, pageLoad: 300000, script: 30000}, unhandledPromptBehavior: dismiss and notify, webauthn:virtualAuthenticators: true}
Session ID: 1e432b74cb4bb55653669503588680ec
	at sun.reflect.NativeConstructorAccessorImpl.newInstance0(Native Method)
	at sun.reflect.NativeConstructorAccessorImpl.newInstance(Unknown Source)
	at sun.reflect.DelegatingConstructorAccessorImpl.newInstance(Unknown Source)
	at java.lang.reflect.Constructor.newInstance(Unknown Source)
	at org.openqa.selenium.remote.http.W3CHttpResponseCodec.createException(W3CHttpResponseCodec.java:187)
	at org.openqa.selenium.remote.http.W3CHttpResponseCodec.decode(W3CHttpResponseCodec.java:122)
	at org.openqa.selenium.remote.http.W3CHttpResponseCodec.decode(W3CHttpResponseCodec.java:49)
	at org.openqa.selenium.remote.HttpCommandExecutor.execute(HttpCommandExecutor.java:158)
	at org.openqa.selenium.remote.service.DriverCommandExecutor.execute(DriverCommandExecutor.java:83)
	at org.openqa.selenium.remote.RemoteWebDriver.execute(RemoteWebDriver.java:552)
	at org.openqa.selenium.remote.RemoteWebDriver.get(RemoteWebDriver.java:277)
	at testNg.Paralell.google(Paralell.java:13)
	at sun.reflect.NativeMethodAccessorImpl.invoke0(Native Method)
	at sun.reflect.NativeMethodAccessorImpl.invoke(Unknown Source)
	at sun.reflect.DelegatingMethodAccessorImpl.invoke(Unknown Source)
	at java.lang.reflect.Method.invoke(Unknown Source)
	at org.testng.internal.MethodInvocationHelper.invokeMethod(MethodInvocationHelper.java:86)
	at org.testng.internal.Invoker.invokeMethod(Invoker.java:646)
	at org.testng.internal.Invoker.invokeTestMethod(Invoker.java:823)
	at org.testng.internal.Invoker.invokeTestMethods(Invoker.java:1131)
	at org.testng.internal.TestMethodWorker.invokeTestMethods(TestMethodWorker.java:129)
	at org.testng.internal.TestMethodWorker.run(TestMethodWorker.java:112)
	at org.testng.TestRunner.privateRun(TestRunner.java:778)
	at org.testng.TestRunner.run(TestRunner.java:632)
	at org.testng.SuiteRunner.runTest(SuiteRunner.java:366)
	at org.testng.SuiteRunner.runSequentially(SuiteRunner.java:361)
	at org.testng.SuiteRunner.privateRun(SuiteRunner.java:319)
	at org.testng.SuiteRunner.run(SuiteRunner.java:268)
	at org.testng.SuiteRunnerWorker.runSuite(SuiteRunnerWorker.java:52)
	at org.testng.SuiteRunnerWorker.run(SuiteRunnerWorker.java:86)
	at org.testng.TestNG.runSuitesSequentially(TestNG.java:1225)
	at org.testng.TestNG.runSuitesLocally(TestNG.java:1150)
	at org.testng.TestNG.runSuites(TestNG.java:1075)
	at org.testng.TestNG.run(TestNG.java:1047)
	at org.testng.remote.AbstractRemoteTestNG.run(AbstractRemoteTestNG.java:126)
	at org.testng.remote.RemoteTestNG.initAndRun(RemoteTestNG.java:137)
	at org.testng.remote.RemoteTestNG.main(RemoteTestNG.java:58)
</pre></div></td>
<td>13</td>
<td>testNg.Paralell@d2e7d9</td></tr>
<tr>
<td title='testNg.Assetion.isthatequal()'><b>isthatequal</b><br>Test class: testNg.Assetion</td>
<td><div><pre>java.lang.AssertionError: expected [Sujith] but found [sujith]
	at testNg.Assetion.isthatequal(Assetion.java:12)
... Removed 31 stack frames</pre></div><a href='#' onClick='toggleBox("stack-trace16414366", this, "Click to show all stack frames", "Click to hide stack frames")'>Click to show all stack frames</a>
<div class='stack-trace' id='stack-trace16414366'><pre>java.lang.AssertionError: expected [Sujith] but found [sujith]
	at org.testng.Assert.fail(Assert.java:94)
	at org.testng.Assert.failNotEquals(Assert.java:513)
	at org.testng.Assert.assertEqualsImpl(Assert.java:135)
	at org.testng.Assert.assertEquals(Assert.java:116)
	at org.testng.Assert.assertEquals(Assert.java:190)
	at org.testng.Assert.assertEquals(Assert.java:200)
	at testNg.Assetion.isthatequal(Assetion.java:12)
	at sun.reflect.NativeMethodAccessorImpl.invoke0(Native Method)
	at sun.reflect.NativeMethodAccessorImpl.invoke(Unknown Source)
	at sun.reflect.DelegatingMethodAccessorImpl.invoke(Unknown Source)
	at java.lang.reflect.Method.invoke(Unknown Source)
	at org.testng.internal.MethodInvocationHelper.invokeMethod(MethodInvocationHelper.java:86)
	at org.testng.internal.Invoker.invokeMethod(Invoker.java:646)
	at org.testng.internal.Invoker.invokeTestMethod(Invoker.java:823)
	at org.testng.internal.Invoker.invokeTestMethods(Invoker.java:1131)
	at org.testng.internal.TestMethodWorker.invokeTestMethods(TestMethodWorker.java:129)
	at org.testng.internal.TestMethodWorker.run(TestMethodWorker.java:112)
	at org.testng.TestRunner.privateRun(TestRunner.java:778)
	at org.testng.TestRunner.run(TestRunner.java:632)
	at org.testng.SuiteRunner.runTest(SuiteRunner.java:366)
	at org.testng.SuiteRunner.runSequentially(SuiteRunner.java:361)
	at org.testng.SuiteRunner.privateRun(SuiteRunner.java:319)
	at org.testng.SuiteRunner.run(SuiteRunner.java:268)
	at org.testng.SuiteRunnerWorker.runSuite(SuiteRunnerWorker.java:52)
	at org.testng.SuiteRunnerWorker.run(SuiteRunnerWorker.java:86)
	at org.testng.TestNG.runSuitesSequentially(TestNG.java:1225)
	at org.testng.TestNG.runSuitesLocally(TestNG.java:1150)
	at org.testng.TestNG.runSuites(TestNG.java:1075)
	at org.testng.TestNG.run(TestNG.java:1047)
	at org.testng.remote.AbstractRemoteTestNG.run(AbstractRemoteTestNG.java:126)
	at org.testng.remote.RemoteTestNG.initAndRun(RemoteTestNG.java:137)
	at org.testng.remote.RemoteTestNG.main(RemoteTestNG.java:58)
</pre></div></td>
<td>0</td>
<td>testNg.Assetion@fbd816</td></tr>
</table><p>
<table width='100%' border='1' class='invocation-passed'>
<tr><td colspan='4' align='center'><b>PASSED TESTS</b></td></tr>
<tr><td><b>Test method</b></td>
<td width="30%"><b>Exception</b></td>
<td width="10%"><b>Time (seconds)</b></td>
<td><b>Instance</b></td>
</tr>
<tr>
<td title='testNg.Ecommerce.addresseclection()'><b>addresseclection</b><br>Test class: testNg.Ecommerce</td>
<td></td>
<td>0</td>
<td>testNg.Ecommerce@174d20a</td></tr>
<tr>
<td title='testNg.Paralell.amazon()'><b>amazon</b><br>Test class: testNg.Paralell</td>
<td></td>
<td>9</td>
<td>testNg.Paralell@d2e7d9</td></tr>
<tr>
<td title='testNg.Groping.apple()'><b>apple</b><br>Test class: testNg.Groping</td>
<td></td>
<td>0</td>
<td>testNg.Groping@2bcfcb</td></tr>
<tr>
<td title='testNg.Ecommerce.buynow()'><b>buynow</b><br>Test class: testNg.Ecommerce</td>
<td></td>
<td>0</td>
<td>testNg.Ecommerce@174d20a</td></tr>
<tr>
<td title='testNg.Testleaf.defaulttextentered()'><b>defaulttextentered</b><br>Test class: testNg.Testleaf</td>
<td></td>
<td>0</td>
<td>testNg.Testleaf@121b0a2</td></tr>
<tr>
<td title='testNg.Sampletestng.first()'><b>first</b><br>Test class: testNg.Sampletestng</td>
<td></td>
<td>0</td>
<td>testNg.Sampletestng@1e8b406</td></tr>
<tr>
<td title='testNg.Sampletestng.last()'><b>last</b><br>Test class: testNg.Sampletestng</td>
<td></td>
<td>0</td>
<td>testNg.Sampletestng@1e8b406</td></tr>
<tr>
<td title='testNg.Groping.moto()'><b>moto</b><br>Test class: testNg.Groping</td>
<td></td>
<td>0</td>
<td>testNg.Groping@2bcfcb</td></tr>
<tr>
<td title='testNg.Groping.oneplus()'><b>oneplus</b><br>Test class: testNg.Groping</td>
<td></td>
<td>0</td>
<td>testNg.Groping@2bcfcb</td></tr>
<tr>
<td title='testNg.Testleaf.openbutton()'><b>openbutton</b><br>Test class: testNg.Testleaf</td>
<td></td>
<td>0</td>
<td>testNg.Testleaf@121b0a2</td></tr>
<tr>
<td title='testNg.Ecommerce.openpplicatpion()'><b>openpplicatpion</b><br>Test class: testNg.Ecommerce</td>
<td></td>
<td>0</td>
<td>testNg.Ecommerce@174d20a</td></tr>
<tr>
<td title='testNg.Testleaf.opentestleaf()'><b>opentestleaf</b><br>Test class: testNg.Testleaf</td>
<td></td>
<td>4</td>
<td>testNg.Testleaf@121b0a2</td></tr>
<tr>
<td title='testNg.Ecommerce.proceedpayment()'><b>proceedpayment</b><br>Test class: testNg.Ecommerce</td>
<td></td>
<td>0</td>
<td>testNg.Ecommerce@174d20a</td></tr>
<tr>
<td title='testNg.Ecommerce.product()'><b>product</b><br>Test class: testNg.Ecommerce</td>
<td></td>
<td>0</td>
<td>testNg.Ecommerce@174d20a</td></tr>
<tr>
<td title='testNg.Groping.redmi()'><b>redmi</b><br>Test class: testNg.Groping</td>
<td></td>
<td>0</td>
<td>testNg.Groping@2bcfcb</td></tr>
<tr>
<td title='testNg.Sampletestng.secound()'><b>secound</b><br>Test class: testNg.Sampletestng</td>
<td></td>
<td>0</td>
<td>testNg.Sampletestng@1e8b406</td></tr>
<tr>
<td title='testNg.Sampletestng.third()'><b>third</b><br>Test class: testNg.Sampletestng</td>
<td></td>
<td>0</td>
<td>testNg.Sampletestng@1e8b406</td></tr>
<tr>
<td title='testNg.Groping.vivo()'><b>vivo</b><br>Test class: testNg.Groping</td>
<td></td>
<td>0</td>
<td>testNg.Groping@2bcfcb</td></tr>
</table><p>
</body>
</html>